<?xml version="1.0" encoding="UTF-8"?>
<!-- Generated by org.testng.reporters.JUnitReportReporter -->
<testsuite skipped="0" hostname="LAPTOP-HKG3O693" name="Inn.Pojo.TestClass" tests="1" failures="0" timestamp="2019-12-16T12:51:27 IST" time="2.373" errors="0">
  <testcase name="Example2" time="2.373" classname="Inn.Pojo.TestClass"/>
</testsuite> <!-- Inn.Pojo.TestClass -->
